
=== Fri Feb 14 16:07:55 2020

Packages were changed.
Update Mode: updateDependencies

The following packages were added:
  com.unity.2d.tilemap@1.0.0
  com.unity.collab-proxy@1.2.16
  com.unity.test-framework@1.1.9
  com.unity.timeline@1.2.10
  com.unity.2d.sprite@1.0.0
  com.unity.ide.vscode@1.1.4
  com.unity.ide.rider@1.1.4
  com.unity.ugui@1.0.0
  com.unity.xr.legacyinputhelpers@1.3.8
  com.unity.modules.androidjni@1.0.0
  com.unity.multiplayer-hlapi@1.0.4
The following packages were removed:
  com.unity.package-manager-ui@1.9.11

=== Fri Jul  9 19:50:06 2021

Packages were changed.
Update Mode: updateDependencies

The following packages were added:
  com.unity.ide.visualstudio@2.0.7

=== Fri Jun 24 18:15:05 2022

Packages were changed.
Update Mode: updateDependencies

The following packages were updated:
  com.unity.ide.visualstudio from version 2.0.7 to 2.0.14

=== Fri Jun 24 18:16:04 2022

Packages were changed.
Update Mode: resetToDefaultDependencies

The following packages were added:
  com.unity.collab-proxy@1.15.15
  com.unity.ide.rider@3.0.13
  com.unity.ide.vscode@1.2.5
  com.unity.test-framework@1.1.31
  com.unity.textmeshpro@3.0.6
  com.unity.timeline@1.6.4
  com.unity.ugui@1.0.0
  com.unity.visualscripting@1.7.6
